e:\program\vc2017\bing\x64\release\bing.ipdb
e:\program\vc2017\bing\x64\release\bing.iobj
e:\program\vc2017\bing\bing\x64\release\bing.pch
e:\program\vc2017\bing\bing\x64\release\vc141.pdb
e:\program\vc2017\bing\bing\x64\release\stdafx.obj
e:\program\vc2017\bing\bing\x64\release\tinyxml2.obj
e:\program\vc2017\bing\bing\x64\release\bing.obj
e:\program\vc2017\bing\x64\release\bing.exe
e:\program\vc2017\bing\x64\release\bing.pdb
e:\program\vc2017\bing\bing\x64\release\resource.res
e:\program\vc2017\bing\bing\x64\release\bing.tlog\bing.write.1u.tlog
e:\program\vc2017\bing\bing\x64\release\bing.tlog\cl.command.1.tlog
e:\program\vc2017\bing\bing\x64\release\bing.tlog\cl.read.1.tlog
e:\program\vc2017\bing\bing\x64\release\bing.tlog\cl.write.1.tlog
e:\program\vc2017\bing\bing\x64\release\bing.tlog\link.command.1.tlog
e:\program\vc2017\bing\bing\x64\release\bing.tlog\link.read.1.tlog
e:\program\vc2017\bing\bing\x64\release\bing.tlog\link.write.1.tlog
e:\program\vc2017\bing\bing\x64\release\bing.tlog\rc.command.1.tlog
e:\program\vc2017\bing\bing\x64\release\bing.tlog\rc.read.1.tlog
e:\program\vc2017\bing\bing\x64\release\bing.tlog\rc.write.1.tlog
